2026-01-21 23:40:33:4033 warn: Prisma fetch failed, retrying once...
2026-01-21 23:40:35:4035 error: Error sending confirmation email: Error: SMTP Error
2026-01-21 23:40:35:4035 error: Error sending confirmation email: Error: SMTP Error
2026-01-21 23:43:59:4359 error: Error sending confirmation email: Error: SMTP Error
2026-01-21 23:44:04:444 error: Error: Something went wrong
    at C:\Users\james\Documents\GitHub\booking-system-backend\src\middleware\error-handler.test.ts:25:19
    at Generator.next (<anonymous>)
    at C:\Users\james\Documents\GitHub\booking-system-backend\src\middleware\error-handler.test.ts:8:71
    at new Promise (<anonymous>)
    at Object.<anonymous>.__awaiter (C:\Users\james\Documents\GitHub\booking-system-backend\src\middleware\error-handler.test.ts:4:12)
    at Object.<anonymous> (C:\Users\james\Documents\GitHub\booking-system-backend\src\middleware\error-handler.test.ts:24:61)
    at Promise.then.completed (C:\Users\james\Documents\GitHub\booking-system-backend\node_modules\jest-circus\build\utils.js:298:28)
    at new Promise (<anonymous>)
    at callAsyncCircusFn (C:\Users\james\Documents\GitHub\booking-system-backend\node_modules\jest-circus\build\utils.js:231:10)
    at _callCircusTest (C:\Users\james\Documents\GitHub\booking-system-backend\node_modules\jest-circus\build\run.js:316:40)
    at processTicksAndRejections (node:internal/process/task_queues:105:5)
    at _runTest (C:\Users\james\Documents\GitHub\booking-system-backend\node_modules\jest-circus\build\run.js:252:3)
    at _runTestsForDescribeBlock (C:\Users\james\Documents\GitHub\booking-system-backend\node_modules\jest-circus\build\run.js:126:9)
    at _runTestsForDescribeBlock (C:\Users\james\Documents\GitHub\booking-system-backend\node_modules\jest-circus\build\run.js:121:9)
    at run (C:\Users\james\Documents\GitHub\booking-system-backend\node_modules\jest-circus\build\run.js:71:3)
    at runAndTransformResultsToJestFormat (C:\Users\james\Documents\GitHub\booking-system-backend\node_modules\jest-circus\build\legacy-code-todo-rewrite\jestAdapterInit.js:122:21)
    at jestAdapter (C:\Users\james\Documents\GitHub\booking-system-backend\node_modules\jest-circus\build\legacy-code-todo-rewrite\jestAdapter.js:79:19)
    at runTestInternal (C:\Users\james\Documents\GitHub\booking-system-backend\node_modules\jest-runner\build\runTest.js:367:16)
    at runTest (C:\Users\james\Documents\GitHub\booking-system-backend\node_modules\jest-runner\build\runTest.js:444:34)
    at Object.worker (C:\Users\james\Documents\GitHub\booking-system-backend\node_modules\jest-runner\build\testWorker.js:106:12)
2026-01-21 23:44:04:444 error: Error: Not Found
    at C:\Users\james\Documents\GitHub\booking-system-backend\src\middleware\error-handler.test.ts:38:24
    at Generator.next (<anonymous>)
    at C:\Users\james\Documents\GitHub\booking-system-backend\src\middleware\error-handler.test.ts:8:71
    at new Promise (<anonymous>)
    at Object.<anonymous>.__awaiter (C:\Users\james\Documents\GitHub\booking-system-backend\src\middleware\error-handler.test.ts:4:12)
    at Object.<anonymous> (C:\Users\james\Documents\GitHub\booking-system-backend\src\middleware\error-handler.test.ts:37:68)
    at Promise.then.completed (C:\Users\james\Documents\GitHub\booking-system-backend\node_modules\jest-circus\build\utils.js:298:28)
    at new Promise (<anonymous>)
    at callAsyncCircusFn (C:\Users\james\Documents\GitHub\booking-system-backend\node_modules\jest-circus\build\utils.js:231:10)
    at _callCircusTest (C:\Users\james\Documents\GitHub\booking-system-backend\node_modules\jest-circus\build\run.js:316:40)
    at processTicksAndRejections (node:internal/process/task_queues:105:5)
    at _runTest (C:\Users\james\Documents\GitHub\booking-system-backend\node_modules\jest-circus\build\run.js:252:3)
    at _runTestsForDescribeBlock (C:\Users\james\Documents\GitHub\booking-system-backend\node_modules\jest-circus\build\run.js:126:9)
    at _runTestsForDescribeBlock (C:\Users\james\Documents\GitHub\booking-system-backend\node_modules\jest-circus\build\run.js:121:9)
    at run (C:\Users\james\Documents\GitHub\booking-system-backend\node_modules\jest-circus\build\run.js:71:3)
    at runAndTransformResultsToJestFormat (C:\Users\james\Documents\GitHub\booking-system-backend\node_modules\jest-circus\build\legacy-code-todo-rewrite\jestAdapterInit.js:122:21)
    at jestAdapter (C:\Users\james\Documents\GitHub\booking-system-backend\node_modules\jest-circus\build\legacy-code-todo-rewrite\jestAdapter.js:79:19)
    at runTestInternal (C:\Users\james\Documents\GitHub\booking-system-backend\node_modules\jest-runner\build\runTest.js:367:16)
    at runTest (C:\Users\james\Documents\GitHub\booking-system-backend\node_modules\jest-runner\build\runTest.js:444:34)
    at Object.worker (C:\Users\james\Documents\GitHub\booking-system-backend\node_modules\jest-runner\build\testWorker.js:106:12)
2026-01-21 23:44:04:444 error: error
2026-01-21 23:44:04:444 error: Error: System failure
    at C:\Users\james\Documents\GitHub\booking-system-backend\src\middleware\error-handler.test.ts:65:19
    at Generator.next (<anonymous>)
    at C:\Users\james\Documents\GitHub\booking-system-backend\src\middleware\error-handler.test.ts:8:71
    at new Promise (<anonymous>)
    at Object.<anonymous>.__awaiter (C:\Users\james\Documents\GitHub\booking-system-backend\src\middleware\error-handler.test.ts:4:12)
    at Object.<anonymous> (C:\Users\james\Documents\GitHub\booking-system-backend\src\middleware\error-handler.test.ts:64:47)
    at Promise.then.completed (C:\Users\james\Documents\GitHub\booking-system-backend\node_modules\jest-circus\build\utils.js:298:28)
    at new Promise (<anonymous>)
    at callAsyncCircusFn (C:\Users\james\Documents\GitHub\booking-system-backend\node_modules\jest-circus\build\utils.js:231:10)
    at _callCircusTest (C:\Users\james\Documents\GitHub\booking-system-backend\node_modules\jest-circus\build\run.js:316:40)
    at processTicksAndRejections (node:internal/process/task_queues:105:5)
    at _runTest (C:\Users\james\Documents\GitHub\booking-system-backend\node_modules\jest-circus\build\run.js:252:3)
    at _runTestsForDescribeBlock (C:\Users\james\Documents\GitHub\booking-system-backend\node_modules\jest-circus\build\run.js:126:9)
    at _runTestsForDescribeBlock (C:\Users\james\Documents\GitHub\booking-system-backend\node_modules\jest-circus\build\run.js:121:9)
    at run (C:\Users\james\Documents\GitHub\booking-system-backend\node_modules\jest-circus\build\run.js:71:3)
    at runAndTransformResultsToJestFormat (C:\Users\james\Documents\GitHub\booking-system-backend\node_modules\jest-circus\build\legacy-code-todo-rewrite\jestAdapterInit.js:122:21)
    at jestAdapter (C:\Users\james\Documents\GitHub\booking-system-backend\node_modules\jest-circus\build\legacy-code-todo-rewrite\jestAdapter.js:79:19)
    at runTestInternal (C:\Users\james\Documents\GitHub\booking-system-backend\node_modules\jest-runner\build\runTest.js:367:16)
    at runTest (C:\Users\james\Documents\GitHub\booking-system-backend\node_modules\jest-runner\build\runTest.js:444:34)
    at Object.worker (C:\Users\james\Documents\GitHub\booking-system-backend\node_modules\jest-runner\build\testWorker.js:106:12)
2026-01-21 23:44:04:444 warn: Prisma fetch failed, retrying once...
2026-01-21 23:43:59:4359 error: Error sending confirmation email: Error: SMTP Error
2026-01-21 23:45:10:4510 warn: Prisma fetch failed, retrying once...
2026-01-21 23:45:10:4510 error: Error sending confirmation email: Error: SMTP Error
2026-01-21 23:48:21:4821 warn: Prisma fetch failed, retrying once...
2026-01-21 23:49:01:491 warn: Prisma fetch failed, retrying once...
2026-01-22 00:20:29:2029 warn: Prisma fetch failed, retrying once...
